CRITICAL - 2021-09-15 02:43:19 --> Undefined variable $i
#0 /home/hasbi/Documents/Dev/SimRs/app/Views/komik/index.php(20): CodeIgniter\Debug\Exceptions->errorHandler(2, 'Undefined varia...', '/home/hasbi/Doc...', 20)
#1 /home/hasbi/Documents/Dev/SimRs/system/View/View.php(214): include('/home/hasbi/Doc...')
#2 /home/hasbi/Documents/Dev/SimRs/system/View/View.php(217): CodeIgniter\View\View->CodeIgniter\View\{closure}()
#3 /home/hasbi/Documents/Dev/SimRs/system/Common.php(1092): CodeIgniter\View\View->render('komik/index', Array, true)
#4 /home/hasbi/Documents/Dev/SimRs/app/Controllers/Komik.php(36): view('komik/index', Array)
#5 /home/hasbi/Documents/Dev/SimRs/system/CodeIgniter.php(802): App\Controllers\Komik->index()
#6 /home/hasbi/Documents/Dev/SimRs/system/CodeIgniter.php(399): CodeIgniter\CodeIgniter->runController(Object(App\Controllers\Komik))
#7 /home/hasbi/Documents/Dev/SimRs/system/CodeIgniter.php(317): CodeIgniter\CodeIgniter->handleRequest(NULL, Object(Config\Cache), false)
#8 /home/hasbi/Documents/Dev/SimRs/public/index.php(37): CodeIgniter\CodeIgniter->run()
#9 /home/hasbi/Documents/Dev/SimRs/system/Commands/Server/rewrite.php(43): require_once('/home/hasbi/Doc...')
#10 {main}
CRITICAL - 2021-09-15 03:07:13 --> Trying to access array offset on value of type null
#0 /home/hasbi/Documents/Dev/SimRs/app/Views/komik/detail.php(12): CodeIgniter\Debug\Exceptions->errorHandler(2, 'Trying to acces...', '/home/hasbi/Doc...', 12)
#1 /home/hasbi/Documents/Dev/SimRs/system/View/View.php(214): include('/home/hasbi/Doc...')
#2 /home/hasbi/Documents/Dev/SimRs/system/View/View.php(217): CodeIgniter\View\View->CodeIgniter\View\{closure}()
#3 /home/hasbi/Documents/Dev/SimRs/system/Common.php(1092): CodeIgniter\View\View->render('komik/detail', Array, true)
#4 /home/hasbi/Documents/Dev/SimRs/app/Controllers/Komik.php(50): view('komik/detail', Array)
#5 /home/hasbi/Documents/Dev/SimRs/system/CodeIgniter.php(802): App\Controllers\Komik->detail('komik1.jpeg')
#6 /home/hasbi/Documents/Dev/SimRs/system/CodeIgniter.php(399): CodeIgniter\CodeIgniter->runController(Object(App\Controllers\Komik))
#7 /home/hasbi/Documents/Dev/SimRs/system/CodeIgniter.php(317): CodeIgniter\CodeIgniter->handleRequest(NULL, Object(Config\Cache), false)
#8 /home/hasbi/Documents/Dev/SimRs/public/index.php(37): CodeIgniter\CodeIgniter->run()
#9 /home/hasbi/Documents/Dev/SimRs/system/Commands/Server/rewrite.php(43): require_once('/home/hasbi/Doc...')
#10 {main}
CRITICAL - 2021-09-15 03:07:18 --> Trying to access array offset on value of type null
#0 /home/hasbi/Documents/Dev/SimRs/app/Views/komik/detail.php(12): CodeIgniter\Debug\Exceptions->errorHandler(2, 'Trying to acces...', '/home/hasbi/Doc...', 12)
#1 /home/hasbi/Documents/Dev/SimRs/system/View/View.php(214): include('/home/hasbi/Doc...')
#2 /home/hasbi/Documents/Dev/SimRs/system/View/View.php(217): CodeIgniter\View\View->CodeIgniter\View\{closure}()
#3 /home/hasbi/Documents/Dev/SimRs/system/Common.php(1092): CodeIgniter\View\View->render('komik/detail', Array, true)
#4 /home/hasbi/Documents/Dev/SimRs/app/Controllers/Komik.php(50): view('komik/detail', Array)
#5 /home/hasbi/Documents/Dev/SimRs/system/CodeIgniter.php(802): App\Controllers\Komik->detail('komik1.jpeg')
#6 /home/hasbi/Documents/Dev/SimRs/system/CodeIgniter.php(399): CodeIgniter\CodeIgniter->runController(Object(App\Controllers\Komik))
#7 /home/hasbi/Documents/Dev/SimRs/system/CodeIgniter.php(317): CodeIgniter\CodeIgniter->handleRequest(NULL, Object(Config\Cache), false)
#8 /home/hasbi/Documents/Dev/SimRs/public/index.php(37): CodeIgniter\CodeIgniter->run()
#9 /home/hasbi/Documents/Dev/SimRs/system/Commands/Server/rewrite.php(43): require_once('/home/hasbi/Doc...')
#10 {main}
CRITICAL - 2021-09-15 03:07:24 --> Trying to access array offset on value of type null
#0 /home/hasbi/Documents/Dev/SimRs/app/Views/komik/detail.php(12): CodeIgniter\Debug\Exceptions->errorHandler(2, 'Trying to acces...', '/home/hasbi/Doc...', 12)
#1 /home/hasbi/Documents/Dev/SimRs/system/View/View.php(214): include('/home/hasbi/Doc...')
#2 /home/hasbi/Documents/Dev/SimRs/system/View/View.php(217): CodeIgniter\View\View->CodeIgniter\View\{closure}()
#3 /home/hasbi/Documents/Dev/SimRs/system/Common.php(1092): CodeIgniter\View\View->render('komik/detail', Array, true)
#4 /home/hasbi/Documents/Dev/SimRs/app/Controllers/Komik.php(50): view('komik/detail', Array)
#5 /home/hasbi/Documents/Dev/SimRs/system/CodeIgniter.php(802): App\Controllers\Komik->detail('komik2.png')
#6 /home/hasbi/Documents/Dev/SimRs/system/CodeIgniter.php(399): CodeIgniter\CodeIgniter->runController(Object(App\Controllers\Komik))
#7 /home/hasbi/Documents/Dev/SimRs/system/CodeIgniter.php(317): CodeIgniter\CodeIgniter->handleRequest(NULL, Object(Config\Cache), false)
#8 /home/hasbi/Documents/Dev/SimRs/public/index.php(37): CodeIgniter\CodeIgniter->run()
#9 /home/hasbi/Documents/Dev/SimRs/system/Commands/Server/rewrite.php(43): require_once('/home/hasbi/Doc...')
#10 {main}
CRITICAL - 2021-09-15 03:11:45 --> Trying to access array offset on value of type null
#0 /home/hasbi/Documents/Dev/SimRs/app/Views/komik/detail.php(12): CodeIgniter\Debug\Exceptions->errorHandler(2, 'Trying to acces...', '/home/hasbi/Doc...', 12)
#1 /home/hasbi/Documents/Dev/SimRs/system/View/View.php(214): include('/home/hasbi/Doc...')
#2 /home/hasbi/Documents/Dev/SimRs/system/View/View.php(217): CodeIgniter\View\View->CodeIgniter\View\{closure}()
#3 /home/hasbi/Documents/Dev/SimRs/system/Common.php(1092): CodeIgniter\View\View->render('komik/detail', Array, true)
#4 /home/hasbi/Documents/Dev/SimRs/app/Controllers/Komik.php(50): view('komik/detail', Array)
#5 /home/hasbi/Documents/Dev/SimRs/system/CodeIgniter.php(802): App\Controllers\Komik->detail('sidebars.css')
#6 /home/hasbi/Documents/Dev/SimRs/system/CodeIgniter.php(399): CodeIgniter\CodeIgniter->runController(Object(App\Controllers\Komik))
#7 /home/hasbi/Documents/Dev/SimRs/system/CodeIgniter.php(317): CodeIgniter\CodeIgniter->handleRequest(NULL, Object(Config\Cache), false)
#8 /home/hasbi/Documents/Dev/SimRs/public/index.php(37): CodeIgniter\CodeIgniter->run()
#9 /home/hasbi/Documents/Dev/SimRs/system/Commands/Server/rewrite.php(43): require_once('/home/hasbi/Doc...')
#10 {main}
CRITICAL - 2021-09-15 03:22:17 --> Trying to access array offset on value of type null
#0 /home/hasbi/Documents/Dev/SimRs/app/Views/komik/detail.php(12): CodeIgniter\Debug\Exceptions->errorHandler(2, 'Trying to acces...', '/home/hasbi/Doc...', 12)
#1 /home/hasbi/Documents/Dev/SimRs/system/View/View.php(214): include('/home/hasbi/Doc...')
#2 /home/hasbi/Documents/Dev/SimRs/system/View/View.php(217): CodeIgniter\View\View->CodeIgniter\View\{closure}()
#3 /home/hasbi/Documents/Dev/SimRs/system/Common.php(1092): CodeIgniter\View\View->render('komik/detail', Array, true)
#4 /home/hasbi/Documents/Dev/SimRs/app/Controllers/Komik.php(50): view('komik/detail', Array)
#5 /home/hasbi/Documents/Dev/SimRs/system/CodeIgniter.php(802): App\Controllers\Komik->detail('komik2.png')
#6 /home/hasbi/Documents/Dev/SimRs/system/CodeIgniter.php(399): CodeIgniter\CodeIgniter->runController(Object(App\Controllers\Komik))
#7 /home/hasbi/Documents/Dev/SimRs/system/CodeIgniter.php(317): CodeIgniter\CodeIgniter->handleRequest(NULL, Object(Config\Cache), false)
#8 /home/hasbi/Documents/Dev/SimRs/public/index.php(37): CodeIgniter\CodeIgniter->run()
#9 /home/hasbi/Documents/Dev/SimRs/system/Commands/Server/rewrite.php(43): require_once('/home/hasbi/Doc...')
#10 {main}
CRITICAL - 2021-09-15 03:33:04 --> Trying to access array offset on value of type null
#0 /home/hasbi/Documents/Dev/SimRs/app/Views/komik/detail.php(12): CodeIgniter\Debug\Exceptions->errorHandler(2, 'Trying to acces...', '/home/hasbi/Doc...', 12)
#1 /home/hasbi/Documents/Dev/SimRs/system/View/View.php(214): include('/home/hasbi/Doc...')
#2 /home/hasbi/Documents/Dev/SimRs/system/View/View.php(217): CodeIgniter\View\View->CodeIgniter\View\{closure}()
#3 /home/hasbi/Documents/Dev/SimRs/system/Common.php(1092): CodeIgniter\View\View->render('komik/detail', Array, true)
#4 /home/hasbi/Documents/Dev/SimRs/app/Controllers/Komik.php(50): view('komik/detail', Array)
#5 /home/hasbi/Documents/Dev/SimRs/system/CodeIgniter.php(802): App\Controllers\Komik->detail('create')
#6 /home/hasbi/Documents/Dev/SimRs/system/CodeIgniter.php(399): CodeIgniter\CodeIgniter->runController(Object(App\Controllers\Komik))
#7 /home/hasbi/Documents/Dev/SimRs/system/CodeIgniter.php(317): CodeIgniter\CodeIgniter->handleRequest(NULL, Object(Config\Cache), false)
#8 /home/hasbi/Documents/Dev/SimRs/public/index.php(37): CodeIgniter\CodeIgniter->run()
#9 /home/hasbi/Documents/Dev/SimRs/system/Commands/Server/rewrite.php(43): require_once('/home/hasbi/Doc...')
#10 {main}
CRITICAL - 2021-09-15 03:33:47 --> Trying to access array offset on value of type null
#0 /home/hasbi/Documents/Dev/SimRs/app/Views/komik/detail.php(12): CodeIgniter\Debug\Exceptions->errorHandler(2, 'Trying to acces...', '/home/hasbi/Doc...', 12)
#1 /home/hasbi/Documents/Dev/SimRs/system/View/View.php(214): include('/home/hasbi/Doc...')
#2 /home/hasbi/Documents/Dev/SimRs/system/View/View.php(217): CodeIgniter\View\View->CodeIgniter\View\{closure}()
#3 /home/hasbi/Documents/Dev/SimRs/system/Common.php(1092): CodeIgniter\View\View->render('komik/detail', Array, true)
#4 /home/hasbi/Documents/Dev/SimRs/app/Controllers/Komik.php(50): view('komik/detail', Array)
#5 /home/hasbi/Documents/Dev/SimRs/system/CodeIgniter.php(802): App\Controllers\Komik->detail('create')
#6 /home/hasbi/Documents/Dev/SimRs/system/CodeIgniter.php(399): CodeIgniter\CodeIgniter->runController(Object(App\Controllers\Komik))
#7 /home/hasbi/Documents/Dev/SimRs/system/CodeIgniter.php(317): CodeIgniter\CodeIgniter->handleRequest(NULL, Object(Config\Cache), false)
#8 /home/hasbi/Documents/Dev/SimRs/public/index.php(37): CodeIgniter\CodeIgniter->run()
#9 /home/hasbi/Documents/Dev/SimRs/system/Commands/Server/rewrite.php(43): require_once('/home/hasbi/Doc...')
#10 {main}
CRITICAL - 2021-09-15 03:34:34 --> Trying to access array offset on value of type null
#0 /home/hasbi/Documents/Dev/SimRs/app/Views/komik/detail.php(12): CodeIgniter\Debug\Exceptions->errorHandler(2, 'Trying to acces...', '/home/hasbi/Doc...', 12)
#1 /home/hasbi/Documents/Dev/SimRs/system/View/View.php(214): include('/home/hasbi/Doc...')
#2 /home/hasbi/Documents/Dev/SimRs/system/View/View.php(217): CodeIgniter\View\View->CodeIgniter\View\{closure}()
#3 /home/hasbi/Documents/Dev/SimRs/system/Common.php(1092): CodeIgniter\View\View->render('komik/detail', Array, true)
#4 /home/hasbi/Documents/Dev/SimRs/app/Controllers/Komik.php(50): view('komik/detail', Array)
#5 /home/hasbi/Documents/Dev/SimRs/system/CodeIgniter.php(802): App\Controllers\Komik->detail('create')
#6 /home/hasbi/Documents/Dev/SimRs/system/CodeIgniter.php(399): CodeIgniter\CodeIgniter->runController(Object(App\Controllers\Komik))
#7 /home/hasbi/Documents/Dev/SimRs/system/CodeIgniter.php(317): CodeIgniter\CodeIgniter->handleRequest(NULL, Object(Config\Cache), false)
#8 /home/hasbi/Documents/Dev/SimRs/public/index.php(37): CodeIgniter\CodeIgniter->run()
#9 /home/hasbi/Documents/Dev/SimRs/system/Commands/Server/rewrite.php(43): require_once('/home/hasbi/Doc...')
#10 {main}
CRITICAL - 2021-09-15 03:35:09 --> Trying to access array offset on value of type null
#0 /home/hasbi/Documents/Dev/SimRs/app/Views/komik/detail.php(12): CodeIgniter\Debug\Exceptions->errorHandler(2, 'Trying to acces...', '/home/hasbi/Doc...', 12)
#1 /home/hasbi/Documents/Dev/SimRs/system/View/View.php(214): include('/home/hasbi/Doc...')
#2 /home/hasbi/Documents/Dev/SimRs/system/View/View.php(217): CodeIgniter\View\View->CodeIgniter\View\{closure}()
#3 /home/hasbi/Documents/Dev/SimRs/system/Common.php(1092): CodeIgniter\View\View->render('komik/detail', Array, true)
#4 /home/hasbi/Documents/Dev/SimRs/app/Controllers/Komik.php(50): view('komik/detail', Array)
#5 /home/hasbi/Documents/Dev/SimRs/system/CodeIgniter.php(802): App\Controllers\Komik->detail('create')
#6 /home/hasbi/Documents/Dev/SimRs/system/CodeIgniter.php(399): CodeIgniter\CodeIgniter->runController(Object(App\Controllers\Komik))
#7 /home/hasbi/Documents/Dev/SimRs/system/CodeIgniter.php(317): CodeIgniter\CodeIgniter->handleRequest(NULL, Object(Config\Cache), false)
#8 /home/hasbi/Documents/Dev/SimRs/public/index.php(37): CodeIgniter\CodeIgniter->run()
#9 /home/hasbi/Documents/Dev/SimRs/system/Commands/Server/rewrite.php(43): require_once('/home/hasbi/Doc...')
#10 {main}
CRITICAL - 2021-09-15 03:35:11 --> Trying to access array offset on value of type null
#0 /home/hasbi/Documents/Dev/SimRs/app/Views/komik/detail.php(12): CodeIgniter\Debug\Exceptions->errorHandler(2, 'Trying to acces...', '/home/hasbi/Doc...', 12)
#1 /home/hasbi/Documents/Dev/SimRs/system/View/View.php(214): include('/home/hasbi/Doc...')
#2 /home/hasbi/Documents/Dev/SimRs/system/View/View.php(217): CodeIgniter\View\View->CodeIgniter\View\{closure}()
#3 /home/hasbi/Documents/Dev/SimRs/system/Common.php(1092): CodeIgniter\View\View->render('komik/detail', Array, true)
#4 /home/hasbi/Documents/Dev/SimRs/app/Controllers/Komik.php(50): view('komik/detail', Array)
#5 /home/hasbi/Documents/Dev/SimRs/system/CodeIgniter.php(802): App\Controllers\Komik->detail('create')
#6 /home/hasbi/Documents/Dev/SimRs/system/CodeIgniter.php(399): CodeIgniter\CodeIgniter->runController(Object(App\Controllers\Komik))
#7 /home/hasbi/Documents/Dev/SimRs/system/CodeIgniter.php(317): CodeIgniter\CodeIgniter->handleRequest(NULL, Object(Config\Cache), false)
#8 /home/hasbi/Documents/Dev/SimRs/public/index.php(37): CodeIgniter\CodeIgniter->run()
#9 /home/hasbi/Documents/Dev/SimRs/system/Commands/Server/rewrite.php(43): require_once('/home/hasbi/Doc...')
#10 {main}
CRITICAL - 2021-09-15 03:35:24 --> Trying to access array offset on value of type null
#0 /home/hasbi/Documents/Dev/SimRs/app/Views/komik/detail.php(12): CodeIgniter\Debug\Exceptions->errorHandler(2, 'Trying to acces...', '/home/hasbi/Doc...', 12)
#1 /home/hasbi/Documents/Dev/SimRs/system/View/View.php(214): include('/home/hasbi/Doc...')
#2 /home/hasbi/Documents/Dev/SimRs/system/View/View.php(217): CodeIgniter\View\View->CodeIgniter\View\{closure}()
#3 /home/hasbi/Documents/Dev/SimRs/system/Common.php(1092): CodeIgniter\View\View->render('komik/detail', Array, true)
#4 /home/hasbi/Documents/Dev/SimRs/app/Controllers/Komik.php(50): view('komik/detail', Array)
#5 /home/hasbi/Documents/Dev/SimRs/system/CodeIgniter.php(802): App\Controllers\Komik->detail('create')
#6 /home/hasbi/Documents/Dev/SimRs/system/CodeIgniter.php(399): CodeIgniter\CodeIgniter->runController(Object(App\Controllers\Komik))
#7 /home/hasbi/Documents/Dev/SimRs/system/CodeIgniter.php(317): CodeIgniter\CodeIgniter->handleRequest(NULL, Object(Config\Cache), false)
#8 /home/hasbi/Documents/Dev/SimRs/public/index.php(37): CodeIgniter\CodeIgniter->run()
#9 /home/hasbi/Documents/Dev/SimRs/system/Commands/Server/rewrite.php(43): require_once('/home/hasbi/Doc...')
#10 {main}
CRITICAL - 2021-09-15 03:35:29 --> Trying to access array offset on value of type null
#0 /home/hasbi/Documents/Dev/SimRs/app/Views/komik/detail.php(12): CodeIgniter\Debug\Exceptions->errorHandler(2, 'Trying to acces...', '/home/hasbi/Doc...', 12)
#1 /home/hasbi/Documents/Dev/SimRs/system/View/View.php(214): include('/home/hasbi/Doc...')
#2 /home/hasbi/Documents/Dev/SimRs/system/View/View.php(217): CodeIgniter\View\View->CodeIgniter\View\{closure}()
#3 /home/hasbi/Documents/Dev/SimRs/system/Common.php(1092): CodeIgniter\View\View->render('komik/detail', Array, true)
#4 /home/hasbi/Documents/Dev/SimRs/app/Controllers/Komik.php(50): view('komik/detail', Array)
#5 /home/hasbi/Documents/Dev/SimRs/system/CodeIgniter.php(802): App\Controllers\Komik->detail('create')
#6 /home/hasbi/Documents/Dev/SimRs/system/CodeIgniter.php(399): CodeIgniter\CodeIgniter->runController(Object(App\Controllers\Komik))
#7 /home/hasbi/Documents/Dev/SimRs/system/CodeIgniter.php(317): CodeIgniter\CodeIgniter->handleRequest(NULL, Object(Config\Cache), false)
#8 /home/hasbi/Documents/Dev/SimRs/public/index.php(37): CodeIgniter\CodeIgniter->run()
#9 /home/hasbi/Documents/Dev/SimRs/system/Commands/Server/rewrite.php(43): require_once('/home/hasbi/Doc...')
#10 {main}
CRITICAL - 2021-09-15 03:36:44 --> Trying to access array offset on value of type null
#0 /home/hasbi/Documents/Dev/SimRs/app/Views/komik/detail.php(12): CodeIgniter\Debug\Exceptions->errorHandler(2, 'Trying to acces...', '/home/hasbi/Doc...', 12)
#1 /home/hasbi/Documents/Dev/SimRs/system/View/View.php(214): include('/home/hasbi/Doc...')
#2 /home/hasbi/Documents/Dev/SimRs/system/View/View.php(217): CodeIgniter\View\View->CodeIgniter\View\{closure}()
#3 /home/hasbi/Documents/Dev/SimRs/system/Common.php(1092): CodeIgniter\View\View->render('komik/detail', Array, true)
#4 /home/hasbi/Documents/Dev/SimRs/app/Controllers/Komik.php(50): view('komik/detail', Array)
#5 /home/hasbi/Documents/Dev/SimRs/system/CodeIgniter.php(802): App\Controllers\Komik->detail('create')
#6 /home/hasbi/Documents/Dev/SimRs/system/CodeIgniter.php(399): CodeIgniter\CodeIgniter->runController(Object(App\Controllers\Komik))
#7 /home/hasbi/Documents/Dev/SimRs/system/CodeIgniter.php(317): CodeIgniter\CodeIgniter->handleRequest(NULL, Object(Config\Cache), false)
#8 /home/hasbi/Documents/Dev/SimRs/public/index.php(37): CodeIgniter\CodeIgniter->run()
#9 /home/hasbi/Documents/Dev/SimRs/system/Commands/Server/rewrite.php(43): require_once('/home/hasbi/Doc...')
#10 {main}
CRITICAL - 2021-09-15 03:50:33 --> Trying to access array offset on value of type null
#0 /home/hasbi/Documents/Dev/SimRs/app/Views/komik/detail.php(12): CodeIgniter\Debug\Exceptions->errorHandler(2, 'Trying to acces...', '/home/hasbi/Doc...', 12)
#1 /home/hasbi/Documents/Dev/SimRs/system/View/View.php(214): include('/home/hasbi/Doc...')
#2 /home/hasbi/Documents/Dev/SimRs/system/View/View.php(217): CodeIgniter\View\View->CodeIgniter\View\{closure}()
#3 /home/hasbi/Documents/Dev/SimRs/system/Common.php(1092): CodeIgniter\View\View->render('komik/detail', Array, true)
#4 /home/hasbi/Documents/Dev/SimRs/app/Controllers/Komik.php(50): view('komik/detail', Array)
#5 /home/hasbi/Documents/Dev/SimRs/system/CodeIgniter.php(802): App\Controllers\Komik->detail('save')
#6 /home/hasbi/Documents/Dev/SimRs/system/CodeIgniter.php(399): CodeIgniter\CodeIgniter->runController(Object(App\Controllers\Komik))
#7 /home/hasbi/Documents/Dev/SimRs/system/CodeIgniter.php(317): CodeIgniter\CodeIgniter->handleRequest(NULL, Object(Config\Cache), false)
#8 /home/hasbi/Documents/Dev/SimRs/public/index.php(37): CodeIgniter\CodeIgniter->run()
#9 /home/hasbi/Documents/Dev/SimRs/system/Commands/Server/rewrite.php(43): require_once('/home/hasbi/Doc...')
#10 {main}
CRITICAL - 2021-09-15 03:59:21 --> syntax error, unexpected token "}", expecting ";"
#0 /home/hasbi/Documents/Dev/SimRs/system/Autoloader/Autoloader.php(241): CodeIgniter\Autoloader\Autoloader->includeFile('/home/hasbi/Doc...')
#1 /home/hasbi/Documents/Dev/SimRs/system/Autoloader/Autoloader.php(219): CodeIgniter\Autoloader\Autoloader->loadInNamespace('App\\Controllers...')
#2 [internal function]: CodeIgniter\Autoloader\Autoloader->loadClass('App\\Controllers...')
#3 /home/hasbi/Documents/Dev/SimRs/system/CodeIgniter.php(767): class_exists('\\App\\Controller...', true)
#4 /home/hasbi/Documents/Dev/SimRs/system/CodeIgniter.php(386): CodeIgniter\CodeIgniter->startController()
#5 /home/hasbi/Documents/Dev/SimRs/system/CodeIgniter.php(317): CodeIgniter\CodeIgniter->handleRequest(NULL, Object(Config\Cache), false)
#6 /home/hasbi/Documents/Dev/SimRs/public/index.php(37): CodeIgniter\CodeIgniter->run()
#7 /home/hasbi/Documents/Dev/SimRs/system/Commands/Server/rewrite.php(43): require_once('/home/hasbi/Doc...')
#8 {main}
CRITICAL - 2021-09-15 03:59:23 --> syntax error, unexpected token "}", expecting ";"
#0 /home/hasbi/Documents/Dev/SimRs/system/Router/Router.php(160): CodeIgniter\Router\Router->autoRoute('Komik/create')
#1 /home/hasbi/Documents/Dev/SimRs/system/CodeIgniter.php(702): CodeIgniter\Router\Router->handle('Komik/create')
#2 /home/hasbi/Documents/Dev/SimRs/system/CodeIgniter.php(358): CodeIgniter\CodeIgniter->tryToRouteIt(Object(CodeIgniter\Router\RouteCollection))
#3 /home/hasbi/Documents/Dev/SimRs/system/CodeIgniter.php(317): CodeIgniter\CodeIgniter->handleRequest(NULL, Object(Config\Cache), false)
#4 /home/hasbi/Documents/Dev/SimRs/public/index.php(37): CodeIgniter\CodeIgniter->run()
#5 /home/hasbi/Documents/Dev/SimRs/system/Commands/Server/rewrite.php(43): require_once('/home/hasbi/Doc...')
#6 {main}
CRITICAL - 2021-09-15 03:59:48 --> Allowed fields must be specified for model: App\Models\KomikModel
#0 /home/hasbi/Documents/Dev/SimRs/system/BaseModel.php(1134): CodeIgniter\Database\Exceptions\DataException::forInvalidAllowedFields('App\\Models\\Komi...')
#1 /home/hasbi/Documents/Dev/SimRs/system/BaseModel.php(713): CodeIgniter\BaseModel->doProtectFields(Array)
#2 /home/hasbi/Documents/Dev/SimRs/system/Model.php(620): CodeIgniter\BaseModel->insert(Array, false)
#3 /home/hasbi/Documents/Dev/SimRs/system/BaseModel.php(658): CodeIgniter\Model->insert(Array, false)
#4 /home/hasbi/Documents/Dev/SimRs/app/Controllers/Komik.php(78): CodeIgniter\BaseModel->save(Array)
#5 /home/hasbi/Documents/Dev/SimRs/system/CodeIgniter.php(802): App\Controllers\Komik->save()
#6 /home/hasbi/Documents/Dev/SimRs/system/CodeIgniter.php(399): CodeIgniter\CodeIgniter->runController(Object(App\Controllers\Komik))
#7 /home/hasbi/Documents/Dev/SimRs/system/CodeIgniter.php(317): CodeIgniter\CodeIgniter->handleRequest(NULL, Object(Config\Cache), false)
#8 /home/hasbi/Documents/Dev/SimRs/public/index.php(37): CodeIgniter\CodeIgniter->run()
#9 /home/hasbi/Documents/Dev/SimRs/system/Commands/Server/rewrite.php(43): require_once('/home/hasbi/Doc...')
#10 {main}
ERROR - 2021-09-15 04:02:09 --> Column 'penulis' cannot be null
CRITICAL - 2021-09-15 04:02:09 --> Column 'penulis' cannot be null
#0 /home/hasbi/Documents/Dev/SimRs/system/Database/MySQLi/Connection.php(280): mysqli->query('INSERT INTO `ko...')
#1 /home/hasbi/Documents/Dev/SimRs/system/Database/BaseConnection.php(663): CodeIgniter\Database\MySQLi\Connection->execute('INSERT INTO `ko...')
#2 /home/hasbi/Documents/Dev/SimRs/system/Database/BaseConnection.php(591): CodeIgniter\Database\BaseConnection->simpleQuery('INSERT INTO `ko...')
#3 /home/hasbi/Documents/Dev/SimRs/system/Database/BaseBuilder.php(1733): CodeIgniter\Database\BaseConnection->query('INSERT INTO `ko...', Array, false)
#4 /home/hasbi/Documents/Dev/SimRs/system/Model.php(239): CodeIgniter\Database\BaseBuilder->insert()
#5 /home/hasbi/Documents/Dev/SimRs/system/BaseModel.php(738): CodeIgniter\Model->doInsert(Array)
#6 /home/hasbi/Documents/Dev/SimRs/system/Model.php(620): CodeIgniter\BaseModel->insert(Array, false)
#7 /home/hasbi/Documents/Dev/SimRs/system/BaseModel.php(658): CodeIgniter\Model->insert(Array, false)
#8 /home/hasbi/Documents/Dev/SimRs/app/Controllers/Komik.php(78): CodeIgniter\BaseModel->save(Array)
#9 /home/hasbi/Documents/Dev/SimRs/system/CodeIgniter.php(802): App\Controllers\Komik->save()
#10 /home/hasbi/Documents/Dev/SimRs/system/CodeIgniter.php(399): CodeIgniter\CodeIgniter->runController(Object(App\Controllers\Komik))
#11 /home/hasbi/Documents/Dev/SimRs/system/CodeIgniter.php(317): CodeIgniter\CodeIgniter->handleRequest(NULL, Object(Config\Cache), false)
#12 /home/hasbi/Documents/Dev/SimRs/public/index.php(37): CodeIgniter\CodeIgniter->run()
#13 /home/hasbi/Documents/Dev/SimRs/system/Commands/Server/rewrite.php(43): require_once('/home/hasbi/Doc...')
#14 {main}
ERROR - 2021-09-15 04:02:45 --> Column 'penulis' cannot be null
CRITICAL - 2021-09-15 04:02:45 --> Column 'penulis' cannot be null
#0 /home/hasbi/Documents/Dev/SimRs/system/Database/MySQLi/Connection.php(280): mysqli->query('INSERT INTO `ko...')
#1 /home/hasbi/Documents/Dev/SimRs/system/Database/BaseConnection.php(663): CodeIgniter\Database\MySQLi\Connection->execute('INSERT INTO `ko...')
#2 /home/hasbi/Documents/Dev/SimRs/system/Database/BaseConnection.php(591): CodeIgniter\Database\BaseConnection->simpleQuery('INSERT INTO `ko...')
#3 /home/hasbi/Documents/Dev/SimRs/system/Database/BaseBuilder.php(1733): CodeIgniter\Database\BaseConnection->query('INSERT INTO `ko...', Array, false)
#4 /home/hasbi/Documents/Dev/SimRs/system/Model.php(239): CodeIgniter\Database\BaseBuilder->insert()
#5 /home/hasbi/Documents/Dev/SimRs/system/BaseModel.php(738): CodeIgniter\Model->doInsert(Array)
#6 /home/hasbi/Documents/Dev/SimRs/system/Model.php(620): CodeIgniter\BaseModel->insert(Array, false)
#7 /home/hasbi/Documents/Dev/SimRs/system/BaseModel.php(658): CodeIgniter\Model->insert(Array, false)
#8 /home/hasbi/Documents/Dev/SimRs/app/Controllers/Komik.php(78): CodeIgniter\BaseModel->save(Array)
#9 /home/hasbi/Documents/Dev/SimRs/system/CodeIgniter.php(802): App\Controllers\Komik->save()
#10 /home/hasbi/Documents/Dev/SimRs/system/CodeIgniter.php(399): CodeIgniter\CodeIgniter->runController(Object(App\Controllers\Komik))
#11 /home/hasbi/Documents/Dev/SimRs/system/CodeIgniter.php(317): CodeIgniter\CodeIgniter->handleRequest(NULL, Object(Config\Cache), false)
#12 /home/hasbi/Documents/Dev/SimRs/public/index.php(37): CodeIgniter\CodeIgniter->run()
#13 /home/hasbi/Documents/Dev/SimRs/system/Commands/Server/rewrite.php(43): require_once('/home/hasbi/Doc...')
#14 {main}
ERROR - 2021-09-15 04:11:04 --> Error connecting to the database: Connection refused
CRITICAL - 2021-09-15 04:11:04 --> Unable to connect to the database.
Main connection [MySQLi]: Connection refused
#0 /home/hasbi/Documents/Dev/SimRs/system/Database/BaseConnection.php(570): CodeIgniter\Database\BaseConnection->initialize()
#1 /home/hasbi/Documents/Dev/SimRs/system/Database/BaseBuilder.php(1428): CodeIgniter\Database\BaseConnection->query('SELECT *\nFROM `...', Array, false)
#2 /home/hasbi/Documents/Dev/SimRs/system/Model.php(183): CodeIgniter\Database\BaseBuilder->get()
#3 /home/hasbi/Documents/Dev/SimRs/system/BaseModel.php(584): CodeIgniter\Model->doFindAll(0, 0)
#4 /home/hasbi/Documents/Dev/SimRs/app/Models/KomikModel.php(20): CodeIgniter\BaseModel->findAll()
#5 /home/hasbi/Documents/Dev/SimRs/app/Controllers/Komik.php(22): App\Models\KomikModel->getKomik()
#6 /home/hasbi/Documents/Dev/SimRs/system/CodeIgniter.php(802): App\Controllers\Komik->index()
#7 /home/hasbi/Documents/Dev/SimRs/system/CodeIgniter.php(399): CodeIgniter\CodeIgniter->runController(Object(App\Controllers\Komik))
#8 /home/hasbi/Documents/Dev/SimRs/system/CodeIgniter.php(317): CodeIgniter\CodeIgniter->handleRequest(NULL, Object(Config\Cache), false)
#9 /home/hasbi/Documents/Dev/SimRs/public/index.php(37): CodeIgniter\CodeIgniter->run()
#10 /home/hasbi/Documents/Dev/SimRs/system/Commands/Server/rewrite.php(43): require_once('/home/hasbi/Doc...')
#11 {main}
